2025-06-20 17:48:26,562 - INFO - 🚀 BULLETPROOF RunPod Setup - ZERO ERRORS GUARANTEED
2025-06-20 17:48:26,562 - INFO - ================================================================================
2025-06-20 17:48:26,562 - INFO - 🐍 Python version: 3.10.12
2025-06-20 17:48:26,563 - INFO - 🗂️ Setting up network drive environment with disk management...
2025-06-20 17:48:26,584 - INFO - ✅ Network volume detected at /workspace
2025-06-20 17:48:26,584 - INFO - 🧹 Comprehensive disk cleanup...
2025-06-20 17:48:26,589 - INFO -    ✅ Cleaning /tmp
2025-06-20 17:48:26,596 - INFO -    ✅ Cleaning /var/tmp
2025-06-20 17:48:26,613 - INFO -    ✅ Cleaning XET cache
2025-06-20 17:48:26,619 - INFO -    ✅ Cleaning pip temp
2025-06-20 17:48:26,624 - INFO -    ✅ Cleaning partial downloads
2025-06-20 17:48:26,951 - INFO -    ✅ Cleaning pip cache
2025-06-20 17:48:26,953 - INFO -    Set HF_HOME=/workspace/hf_cache
2025-06-20 17:48:26,955 - INFO -    Set HF_DATASETS_CACHE=/workspace/hf_cache/datasets
2025-06-20 17:48:26,957 - INFO -    Set TRANSFORMERS_CACHE=/workspace/hf_cache/transformers
2025-06-20 17:48:26,958 - INFO -    Set TMPDIR=/workspace/tmp
2025-06-20 17:48:26,959 - INFO -    Set TEMP=/workspace/tmp
2025-06-20 17:48:26,960 - INFO -    Set TMP=/workspace/tmp
2025-06-20 17:48:26,962 - INFO -    Set TORCH_HOME=/workspace/torch_cache
2025-06-20 17:48:26,963 - INFO -    Set CUDA_CACHE_PATH=/workspace/cuda_cache
2025-06-20 17:48:26,964 - INFO -    Set HUGGINGFACE_HUB_CACHE=/workspace/hf_cache
2025-06-20 17:48:26,969 - INFO -    📝 Created persistent environment script: /workspace/setup_env.sh
2025-06-20 17:48:26,969 - INFO -    📝 Added environment setup to ~/.bashrc
2025-06-20 17:48:26,970 - INFO -    Changed working directory to /workspace
2025-06-20 17:48:26,971 - INFO -    💾 Available space: 180368.6 GB
2025-06-20 17:48:26,971 - INFO - 🧹 Force cleaning Python environment...
2025-06-20 17:48:26,972 - INFO - 🔧 Purging pip cache
2025-06-20 17:48:26,972 - INFO - Running: pip cache purge
2025-06-20 17:48:27,282 - INFO - ✅ Purging pip cache completed successfully
2025-06-20 17:48:27,283 - INFO - 🔧 Removing any existing transformers
2025-06-20 17:48:27,284 - INFO - Running: pip uninstall transformers -y
2025-06-20 17:48:27,739 - INFO - ✅ Removing any existing transformers completed successfully
2025-06-20 17:48:27,740 - INFO - 🔧 Removing any existing torch
2025-06-20 17:48:27,740 - INFO - Running: pip uninstall torch torchvision torchaudio -y
2025-06-20 17:48:33,066 - INFO - ✅ Removing any existing torch completed successfully
2025-06-20 17:48:33,067 - INFO - 🔧 Removing any existing datasets
2025-06-20 17:48:33,067 - INFO - Running: pip uninstall datasets -y
2025-06-20 17:48:33,526 - INFO - ✅ Removing any existing datasets completed successfully
2025-06-20 17:48:33,527 - INFO - 🔧 Removing any existing peft
2025-06-20 17:48:33,527 - INFO - Running: pip uninstall peft -y
2025-06-20 17:48:33,981 - INFO - ✅ Removing any existing peft completed successfully
2025-06-20 17:48:33,982 - INFO - 🔧 Cleaning pip user cache
2025-06-20 17:48:33,982 - INFO - Running: rm -rf ~/.cache/pip/*
2025-06-20 17:48:33,995 - INFO - ✅ Cleaning pip user cache completed successfully
2025-06-20 17:48:33,996 - INFO - 🔧 Cleaning HuggingFace cache
2025-06-20 17:48:33,996 - INFO - Running: rm -rf ~/.cache/huggingface/*
2025-06-20 17:48:34,001 - INFO - ✅ Cleaning HuggingFace cache completed successfully
2025-06-20 17:48:34,012 - INFO - 🔧 Upgrading core tools
2025-06-20 17:48:34,013 - INFO - Running: python -m pip install --upgrade pip setuptools wheel
2025-06-20 17:48:38,824 - INFO - ✅ Upgrading core tools completed successfully
2025-06-20 17:48:38,825 - INFO - 📦 Installing packages with fallback mechanisms...
2025-06-20 17:48:38,825 - INFO - 🔧 Installing from requirements.txt
2025-06-20 17:48:38,826 - INFO - Running: pip install -r requirements.txt --no-cache-dir --force-reinstall
2025-06-20 17:48:39,435 - WARNING - ⚠️ Attempt 1 failed: ERROR: Could not open requirements file: [Errno 2] No such file or directory: 'requirements.txt'

2025-06-20 17:48:50,070 - WARNING - ⚠️ Attempt 2 failed: ERROR: Could not open requirements file: [Errno 2] No such file or directory: 'requirements.txt'

2025-06-20 17:48:50,070 - ERROR - ❌ Installing from requirements.txt failed after 2 attempts
2025-06-20 17:48:50,071 - WARNING - ⚠️ Requirements.txt failed, trying individual packages...
2025-06-20 17:48:50,072 - INFO - 🔧 Installing wheel==0.42.0
2025-06-20 17:48:50,072 - INFO - Running: pip install wheel==0.42.0 --no-cache-dir --force-reinstall
2025-06-20 17:48:51,108 - INFO - ✅ Installing wheel==0.42.0 completed successfully
2025-06-20 17:48:51,111 - INFO - 🔧 Installing setuptools==69.0.3
2025-06-20 17:48:51,113 - INFO - Running: pip install setuptools==69.0.3 --no-cache-dir --force-reinstall
2025-06-20 17:48:52,954 - INFO - ✅ Installing setuptools==69.0.3 completed successfully
2025-06-20 17:48:52,955 - INFO - 🔧 Installing numpy==1.24.4
2025-06-20 17:48:52,955 - INFO - Running: pip install numpy==1.24.4 --no-cache-dir --force-reinstall
2025-06-20 17:48:56,590 - INFO - ✅ Installing numpy==1.24.4 completed successfully
2025-06-20 17:48:56,591 - INFO - 🔧 Installing torch==2.1.0
2025-06-20 17:48:56,592 - INFO - Running: pip install torch==2.1.0 --no-cache-dir --force-reinstall
2025-06-20 17:50:06,166 - INFO - ✅ Installing torch==2.1.0 completed successfully
2025-06-20 17:50:06,167 - INFO - 🔧 Installing torchvision==0.16.0
2025-06-20 17:50:06,168 - INFO - Running: pip install torchvision==0.16.0 --no-cache-dir --force-reinstall
2025-06-20 17:51:14,510 - INFO - ✅ Installing torchvision==0.16.0 completed successfully
2025-06-20 17:51:14,513 - INFO - 🔧 Installing torchaudio==2.1.0
2025-06-20 17:51:14,513 - INFO - Running: pip install torchaudio==2.1.0 --no-cache-dir --force-reinstall
2025-06-20 17:52:21,260 - INFO - ✅ Installing torchaudio==2.1.0 completed successfully
2025-06-20 17:52:21,261 - INFO - 🔧 Installing tokenizers==0.15.0
2025-06-20 17:52:21,262 - INFO - Running: pip install tokenizers==0.15.0 --no-cache-dir --force-reinstall
2025-06-20 17:52:25,841 - INFO - ✅ Installing tokenizers==0.15.0 completed successfully
2025-06-20 17:52:25,842 - INFO - 🔧 Installing datasets==2.14.6
2025-06-20 17:52:25,843 - INFO - Running: pip install datasets==2.14.6 --no-cache-dir --force-reinstall
2025-06-20 17:52:44,497 - INFO - ✅ Installing datasets==2.14.6 completed successfully
2025-06-20 17:52:44,498 - INFO - 🔧 Installing peft==0.6.2
2025-06-20 17:52:44,498 - INFO - Running: pip install peft==0.6.2 --no-cache-dir --force-reinstall
2025-06-20 17:54:13,532 - INFO - ✅ Installing peft==0.6.2 completed successfully
2025-06-20 17:54:13,534 - INFO - 🔧 Installing accelerate==0.24.1
2025-06-20 17:54:13,534 - INFO - Running: pip install accelerate==0.24.1 --no-cache-dir --force-reinstall
2025-06-20 17:55:44,046 - INFO - ✅ Installing accelerate==0.24.1 completed successfully
2025-06-20 17:55:44,047 - INFO - 🔧 Installing safetensors==0.4.1
2025-06-20 17:55:44,048 - INFO - Running: pip install safetensors==0.4.1 --no-cache-dir --force-reinstall
2025-06-20 17:55:45,867 - INFO - ✅ Installing safetensors==0.4.1 completed successfully
2025-06-20 17:55:45,868 - INFO - 🔧 Installing pandas==1.5.3
2025-06-20 17:55:45,868 - INFO - Running: pip install pandas==1.5.3 --no-cache-dir --force-reinstall
2025-06-20 17:55:54,885 - INFO - ✅ Installing pandas==1.5.3 completed successfully
2025-06-20 17:55:54,887 - INFO - 🔧 Installing matplotlib==3.7.5
2025-06-20 17:55:54,887 - INFO - Running: pip install matplotlib==3.7.5 --no-cache-dir --force-reinstall
2025-06-20 17:56:03,487 - INFO - ✅ Installing matplotlib==3.7.5 completed successfully
2025-06-20 17:56:03,488 - INFO - 🔧 Installing seaborn==0.12.2
2025-06-20 17:56:03,489 - INFO - Running: pip install seaborn==0.12.2 --no-cache-dir --force-reinstall
2025-06-20 17:56:17,733 - INFO - ✅ Installing seaborn==0.12.2 completed successfully
2025-06-20 17:56:17,735 - INFO - 🔧 Installing tqdm==4.66.1
2025-06-20 17:56:17,735 - INFO - Running: pip install tqdm==4.66.1 --no-cache-dir --force-reinstall
2025-06-20 17:56:19,306 - INFO - ✅ Installing tqdm==4.66.1 completed successfully
2025-06-20 17:56:19,311 - INFO - 🔧 Installing psutil==5.9.6
2025-06-20 17:56:19,312 - INFO - Running: pip install psutil==5.9.6 --no-cache-dir --force-reinstall
2025-06-20 17:56:21,016 - INFO - ✅ Installing psutil==5.9.6 completed successfully
2025-06-20 17:56:21,017 - INFO - 🔧 CRITICAL: Ensuring NumPy 1.24.4 for verification script compatibility...
2025-06-20 17:56:21,018 - INFO - 🔧 Removing any existing NumPy
2025-06-20 17:56:21,019 - INFO - Running: pip uninstall numpy -y
2025-06-20 17:56:21,714 - INFO - ✅ Removing any existing NumPy completed successfully
2025-06-20 17:56:21,715 - INFO - 🔧 Installing NumPy 1.24.4 (required for verification)
2025-06-20 17:56:21,716 - INFO - Running: pip install numpy==1.24.4 --no-cache-dir --force-reinstall
2025-06-20 17:56:24,953 - INFO - ✅ Installing NumPy 1.24.4 (required for verification) completed successfully
2025-06-20 17:56:24,954 - INFO - 🔧 Installing transformers with bulletproof method...
2025-06-20 17:56:24,954 - INFO - Trying GitHub method: git+https://github.com/huggingface/transformers.git@v4.35.2
2025-06-20 17:56:24,955 - INFO - 🔧 Installing transformers from git+https://github.com/huggingface/transformers.git@v4.35.2
2025-06-20 17:56:24,955 - INFO - Running: pip install git+https://github.com/huggingface/transformers.git@v4.35.2 --no-cache-dir --force-reinstall
2025-06-20 17:59:28,284 - INFO - ✅ Installing transformers from git+https://github.com/huggingface/transformers.git@v4.35.2 completed successfully
2025-06-20 17:59:28,286 - INFO - 🔍 Bulletproof transformers verification...
2025-06-20 17:59:30,323 - INFO - ✅ Transformers version: 4.35.2
2025-06-20 17:59:31,539 - INFO - ✅ TrainingArguments import successful
2025-06-20 17:59:31,681 - INFO - ✅ TrainingArguments with evaluation_strategy created successfully!
2025-06-20 17:59:31,683 - INFO - ✅ TrainingArguments with evaluation_strategy=epoch also works!
2025-06-20 17:59:31,684 - INFO - 🔍 Verifying all packages...
2025-06-20 17:59:33,637 - INFO -    ✅ PyTorch: 2.7.1+cu126
2025-06-20 17:59:35,921 - INFO -    ✅ Transformers: 4.35.2
2025-06-20 17:59:37,207 - INFO -    ✅ Datasets: 2.14.6
2025-06-20 17:59:41,137 - INFO -    ✅ PEFT: 0.6.2
2025-06-20 17:59:41,379 - INFO -    ✅ NumPy: 2.2.6
2025-06-20 17:59:42,054 - INFO -    ✅ Pandas: 2.3.0
2025-06-20 17:59:42,471 - INFO -    ✅ Matplotlib: 3.10.3
2025-06-20 17:59:46,430 - INFO -    ✅ Accelerate: 0.24.1
2025-06-20 17:59:46,431 - INFO - 📁 Created directory: /workspace/outputs
2025-06-20 17:59:46,432 - INFO - 📁 Created directory: /workspace/logs
2025-06-20 17:59:46,433 - INFO - 📁 Created directory: /workspace/checkpoints
2025-06-20 17:59:46,434 - INFO - 📁 Created directory: /workspace/data
2025-06-20 17:59:46,434 - INFO - 📁 Created directory: /workspace/plots
2025-06-20 17:59:46,434 - INFO - 🎮 Found 1 GPU(s):
2025-06-20 17:59:46,435 - INFO -    GPU 0: NVIDIA RTX A5000 (25.3 GB)
2025-06-20 17:59:46,435 - INFO - 🔐 Checking Hugging Face authentication...
2025-06-20 17:59:46,435 - WARNING - ⚠️ No Hugging Face token detected!
2025-06-20 17:59:46,435 - INFO - 🔧 Set token with: export HF_TOKEN='your_token'
2025-06-20 17:59:46,436 - INFO - 🔧 CRITICAL: Setting environment variables in current session...
2025-06-20 17:59:46,443 - INFO -    ✅ Set HF_HOME=/workspace/hf_cache
2025-06-20 17:59:46,444 - INFO -    ✅ Set HF_DATASETS_CACHE=/workspace/hf_cache/datasets
2025-06-20 17:59:46,444 - INFO -    ✅ Set TRANSFORMERS_CACHE=/workspace/hf_cache/transformers
2025-06-20 17:59:46,445 - INFO -    ✅ Set TMPDIR=/workspace/tmp
2025-06-20 17:59:46,445 - INFO -    ✅ Set TEMP=/workspace/tmp
2025-06-20 17:59:46,446 - INFO -    ✅ Set TMP=/workspace/tmp
2025-06-20 17:59:46,447 - INFO -    ✅ Set TORCH_HOME=/workspace/torch_cache
2025-06-20 17:59:46,447 - INFO -    ✅ Set CUDA_CACHE_PATH=/workspace/cuda_cache
2025-06-20 17:59:46,448 - INFO -    ✅ Set HUGGINGFACE_HUB_CACHE=/workspace/hf_cache
2025-06-20 17:59:46,448 - INFO - 🔍 Verifying environment variables are set...
2025-06-20 17:59:46,448 - INFO -    ✅ HF_HOME confirmed set
2025-06-20 17:59:46,449 - INFO -    ✅ HF_DATASETS_CACHE confirmed set
2025-06-20 17:59:46,449 - INFO -    ✅ TRANSFORMERS_CACHE confirmed set
2025-06-20 17:59:46,449 - INFO -    ✅ TMPDIR confirmed set
2025-06-20 17:59:46,449 - INFO -    ✅ TEMP confirmed set
2025-06-20 17:59:46,449 - INFO -    ✅ TMP confirmed set
2025-06-20 17:59:46,450 - INFO -    ✅ TORCH_HOME confirmed set
2025-06-20 17:59:46,450 - INFO -    ✅ CUDA_CACHE_PATH confirmed set
2025-06-20 17:59:46,450 - INFO -    ✅ HUGGINGFACE_HUB_CACHE confirmed set
2025-06-20 17:59:46,450 - INFO - 🔍 Final comprehensive verification...
2025-06-20 17:59:51,344 - INFO - ✅ ALL SYSTEMS GO - READY FOR TRAINING!
2025-06-20 17:59:51,344 - INFO - 🎉 BULLETPROOF SETUP COMPLETED SUCCESSFULLY!
2025-06-20 17:59:51,345 - INFO - 🎯 ZERO ERRORS - Ready to run: python train_llama.py
2025-06-20 17:59:51,345 - INFO - 🔧 Environment variables are set for this session - verification script should now pass!
