2025-06-20 18:17:28,357 - GPU Memory - Used: 18.27GB, Cached: 24.44GB, Max: 22.20GB
2025-06-20 18:17:28,358 - RAM - Used: 65.10GB/540.65GB (12.0%)
2025-06-20 18:19:26,697 - GPU Memory - Used: 18.27GB, Cached: 24.48GB, Max: 23.04GB
2025-06-20 18:19:26,698 - RAM - Used: 66.07GB/540.65GB (12.2%)
2025-06-20 18:21:46,220 - GPU Memory - Used: 18.27GB, Cached: 24.48GB, Max: 23.04GB
2025-06-20 18:21:46,221 - RAM - Used: 66.87GB/540.65GB (12.4%)
2025-06-20 18:23:41,335 - GPU Memory - Used: 18.27GB, Cached: 24.48GB, Max: 23.05GB
2025-06-20 18:23:41,336 - RAM - Used: 67.70GB/540.65GB (12.5%)
2025-06-20 18:25:36,527 - GPU Memory - Used: 18.27GB, Cached: 24.48GB, Max: 23.05GB
2025-06-20 18:25:36,527 - RAM - Used: 67.07GB/540.65GB (12.4%)
2025-06-20 18:27:34,820 - GPU Memory - Used: 18.27GB, Cached: 24.48GB, Max: 23.05GB
2025-06-20 18:27:34,822 - RAM - Used: 67.32GB/540.65GB (12.5%)
2025-06-20 18:29:31,820 - GPU Memory - Used: 18.27GB, Cached: 24.48GB, Max: 23.05GB
2025-06-20 18:29:31,822 - RAM - Used: 64.89GB/540.65GB (12.0%)
2025-06-20 18:31:30,567 - GPU Memory - Used: 18.27GB, Cached: 24.48GB, Max: 23.07GB
2025-06-20 18:31:30,567 - RAM - Used: 66.28GB/540.65GB (12.3%)
2025-06-20 18:33:28,792 - GPU Memory - Used: 18.27GB, Cached: 24.48GB, Max: 23.07GB
2025-06-20 18:33:28,793 - RAM - Used: 69.76GB/540.65GB (12.9%)
2025-06-20 18:35:25,248 - GPU Memory - Used: 18.27GB, Cached: 24.48GB, Max: 23.07GB
2025-06-20 18:35:25,249 - RAM - Used: 67.71GB/540.65GB (12.5%)
2025-06-20 18:37:43,927 - GPU Memory - Used: 18.27GB, Cached: 24.48GB, Max: 23.07GB
2025-06-20 18:37:43,928 - RAM - Used: 72.23GB/540.65GB (13.4%)
2025-06-20 18:40:16,643 - GPU Memory - Used: 18.27GB, Cached: 24.48GB, Max: 23.07GB
2025-06-20 18:40:16,644 - RAM - Used: 75.57GB/540.65GB (14.0%)
2025-06-20 18:42:13,586 - GPU Memory - Used: 18.27GB, Cached: 24.48GB, Max: 23.07GB
2025-06-20 18:42:13,587 - RAM - Used: 76.01GB/540.65GB (14.1%)
2025-06-20 18:44:11,237 - GPU Memory - Used: 18.27GB, Cached: 24.48GB, Max: 23.07GB
2025-06-20 18:44:11,239 - RAM - Used: 74.51GB/540.65GB (13.8%)
2025-06-20 18:46:07,419 - GPU Memory - Used: 18.27GB, Cached: 24.48GB, Max: 23.07GB
2025-06-20 18:46:07,420 - RAM - Used: 72.90GB/540.65GB (13.5%)
2025-06-20 18:48:04,278 - GPU Memory - Used: 18.27GB, Cached: 24.48GB, Max: 23.07GB
2025-06-20 18:48:04,279 - RAM - Used: 71.66GB/540.65GB (13.3%)
2025-06-20 18:50:06,258 - GPU Memory - Used: 18.27GB, Cached: 24.48GB, Max: 23.07GB
2025-06-20 18:50:06,259 - RAM - Used: 74.03GB/540.65GB (13.7%)
2025-06-20 18:52:02,411 - GPU Memory - Used: 18.27GB, Cached: 24.48GB, Max: 23.07GB
2025-06-20 18:52:02,413 - RAM - Used: 82.92GB/540.65GB (15.3%)
2025-06-20 18:54:01,484 - GPU Memory - Used: 18.27GB, Cached: 24.48GB, Max: 23.07GB
2025-06-20 18:54:01,485 - RAM - Used: 43.05GB/540.65GB (8.0%)
2025-06-20 18:55:57,321 - GPU Memory - Used: 18.27GB, Cached: 24.48GB, Max: 23.07GB
2025-06-20 18:55:57,323 - RAM - Used: 43.44GB/540.65GB (8.0%)
2025-06-20 18:57:52,330 - GPU Memory - Used: 18.27GB, Cached: 24.48GB, Max: 23.07GB
2025-06-20 18:57:52,332 - RAM - Used: 42.43GB/540.65GB (7.8%)
2025-06-20 19:00:18,326 - GPU Memory - Used: 18.27GB, Cached: 24.48GB, Max: 23.07GB
2025-06-20 19:00:18,327 - RAM - Used: 46.01GB/540.65GB (8.5%)
2025-06-20 19:02:57,626 - GPU Memory - Used: 18.27GB, Cached: 24.48GB, Max: 23.07GB
2025-06-20 19:02:57,627 - RAM - Used: 36.39GB/540.65GB (6.7%)
2025-06-20 19:04:51,232 - GPU Memory - Used: 18.27GB, Cached: 24.48GB, Max: 23.07GB
2025-06-20 19:04:51,233 - RAM - Used: 34.05GB/540.65GB (6.3%)
2025-06-20 19:06:40,449 - GPU Memory - Used: 18.27GB, Cached: 24.48GB, Max: 23.07GB
2025-06-20 19:06:40,452 - RAM - Used: 40.21GB/540.65GB (7.4%)
2025-06-20 19:08:38,999 - GPU Memory - Used: 18.27GB, Cached: 24.48GB, Max: 23.07GB
2025-06-20 19:08:39,000 - RAM - Used: 44.96GB/540.65GB (8.3%)
2025-06-20 19:10:33,744 - GPU Memory - Used: 18.27GB, Cached: 24.48GB, Max: 23.07GB
2025-06-20 19:10:33,746 - RAM - Used: 44.96GB/540.65GB (8.3%)
2025-06-20 19:12:30,165 - GPU Memory - Used: 18.27GB, Cached: 24.48GB, Max: 23.07GB
2025-06-20 19:12:30,167 - RAM - Used: 46.00GB/540.65GB (8.5%)
2025-06-20 19:14:30,871 - GPU Memory - Used: 18.27GB, Cached: 24.48GB, Max: 23.07GB
2025-06-20 19:14:30,872 - RAM - Used: 44.96GB/540.65GB (8.3%)
2025-06-20 19:16:29,289 - GPU Memory - Used: 18.27GB, Cached: 24.48GB, Max: 23.07GB
2025-06-20 19:16:29,290 - RAM - Used: 50.02GB/540.65GB (9.3%)
2025-06-20 19:18:27,185 - GPU Memory - Used: 18.27GB, Cached: 24.48GB, Max: 23.07GB
2025-06-20 19:18:27,186 - RAM - Used: 47.89GB/540.65GB (8.9%)
2025-06-20 19:20:21,020 - GPU Memory - Used: 18.27GB, Cached: 24.48GB, Max: 23.07GB
2025-06-20 19:20:21,022 - RAM - Used: 48.98GB/540.65GB (9.1%)
2025-06-20 19:22:46,235 - GPU Memory - Used: 18.27GB, Cached: 24.48GB, Max: 23.07GB
2025-06-20 19:22:46,237 - RAM - Used: 49.12GB/540.65GB (9.1%)
2025-06-20 19:25:20,158 - GPU Memory - Used: 18.27GB, Cached: 24.48GB, Max: 23.07GB
2025-06-20 19:25:20,160 - RAM - Used: 48.15GB/540.65GB (8.9%)
2025-06-20 19:27:15,225 - GPU Memory - Used: 18.27GB, Cached: 24.48GB, Max: 23.07GB
2025-06-20 19:27:15,227 - RAM - Used: 49.78GB/540.65GB (9.2%)
2025-06-20 19:29:14,571 - GPU Memory - Used: 18.27GB, Cached: 24.48GB, Max: 23.07GB
2025-06-20 19:29:14,573 - RAM - Used: 67.17GB/540.65GB (12.4%)
2025-06-20 19:31:12,955 - GPU Memory - Used: 18.27GB, Cached: 24.48GB, Max: 23.07GB
2025-06-20 19:31:12,958 - RAM - Used: 68.23GB/540.65GB (12.6%)
2025-06-20 19:33:08,630 - GPU Memory - Used: 18.27GB, Cached: 24.48GB, Max: 23.07GB
2025-06-20 19:33:08,631 - RAM - Used: 68.25GB/540.65GB (12.6%)
2025-06-20 19:34:59,078 - GPU Memory - Used: 18.27GB, Cached: 24.48GB, Max: 23.07GB
2025-06-20 19:34:59,078 - RAM - Used: 67.02GB/540.65GB (12.4%)
2025-06-20 19:36:59,844 - GPU Memory - Used: 18.27GB, Cached: 24.48GB, Max: 23.07GB
2025-06-20 19:36:59,845 - RAM - Used: 68.45GB/540.65GB (12.7%)
2025-06-20 19:38:52,590 - GPU Memory - Used: 18.27GB, Cached: 24.48GB, Max: 23.07GB
2025-06-20 19:38:52,591 - RAM - Used: 71.93GB/540.65GB (13.3%)
2025-06-20 19:40:49,874 - GPU Memory - Used: 18.27GB, Cached: 24.48GB, Max: 23.07GB
2025-06-20 19:40:49,875 - RAM - Used: 35.22GB/540.65GB (6.5%)
2025-06-20 19:42:46,833 - GPU Memory - Used: 18.27GB, Cached: 24.48GB, Max: 23.07GB
2025-06-20 19:42:46,835 - RAM - Used: 36.44GB/540.65GB (6.7%)
2025-06-20 19:45:14,053 - GPU Memory - Used: 18.27GB, Cached: 24.48GB, Max: 23.07GB
2025-06-20 19:45:14,054 - RAM - Used: 37.51GB/540.65GB (6.9%)
2025-06-20 19:47:49,821 - GPU Memory - Used: 18.27GB, Cached: 24.48GB, Max: 23.07GB
2025-06-20 19:47:49,823 - RAM - Used: 35.45GB/540.65GB (6.6%)
2025-06-20 19:49:39,520 - GPU Memory - Used: 18.27GB, Cached: 24.48GB, Max: 23.07GB
2025-06-20 19:49:39,522 - RAM - Used: 35.41GB/540.65GB (6.6%)
2025-06-20 19:51:35,825 - GPU Memory - Used: 18.27GB, Cached: 24.48GB, Max: 23.07GB
2025-06-20 19:51:35,827 - RAM - Used: 34.97GB/540.65GB (6.5%)
2025-06-20 19:53:29,027 - GPU Memory - Used: 18.27GB, Cached: 24.48GB, Max: 23.07GB
2025-06-20 19:53:29,028 - RAM - Used: 39.45GB/540.65GB (7.3%)
2025-06-20 19:55:29,788 - GPU Memory - Used: 18.27GB, Cached: 24.48GB, Max: 23.07GB
2025-06-20 19:55:29,789 - RAM - Used: 38.22GB/540.65GB (7.1%)
2025-06-20 19:57:26,767 - GPU Memory - Used: 18.27GB, Cached: 24.48GB, Max: 23.07GB
2025-06-20 19:57:26,768 - RAM - Used: 39.87GB/540.65GB (7.4%)
2025-06-20 19:59:25,727 - GPU Memory - Used: 18.27GB, Cached: 24.48GB, Max: 23.07GB
2025-06-20 19:59:25,728 - RAM - Used: 40.85GB/540.65GB (7.6%)
2025-06-20 20:01:22,233 - GPU Memory - Used: 18.27GB, Cached: 24.48GB, Max: 23.07GB
2025-06-20 20:01:22,235 - RAM - Used: 40.79GB/540.65GB (7.5%)
2025-06-20 20:03:14,630 - GPU Memory - Used: 18.27GB, Cached: 24.48GB, Max: 23.07GB
2025-06-20 20:03:14,632 - RAM - Used: 47.64GB/540.65GB (8.8%)
2025-06-20 20:05:14,882 - GPU Memory - Used: 18.27GB, Cached: 24.48GB, Max: 23.07GB
2025-06-20 20:05:14,884 - RAM - Used: 48.43GB/540.65GB (9.0%)
2025-06-20 20:07:38,767 - GPU Memory - Used: 18.27GB, Cached: 24.48GB, Max: 23.07GB
2025-06-20 20:07:38,768 - RAM - Used: 48.86GB/540.65GB (9.0%)
2025-06-20 20:10:17,689 - GPU Memory - Used: 18.27GB, Cached: 24.48GB, Max: 23.07GB
2025-06-20 20:10:17,691 - RAM - Used: 50.47GB/540.65GB (9.3%)
2025-06-20 20:12:10,273 - GPU Memory - Used: 18.27GB, Cached: 24.48GB, Max: 23.07GB
2025-06-20 20:12:10,278 - RAM - Used: 51.08GB/540.65GB (9.4%)
2025-06-20 20:14:08,230 - GPU Memory - Used: 18.27GB, Cached: 24.48GB, Max: 23.07GB
2025-06-20 20:14:08,232 - RAM - Used: 50.79GB/540.65GB (9.4%)
2025-06-20 20:16:00,711 - GPU Memory - Used: 18.27GB, Cached: 24.48GB, Max: 23.07GB
2025-06-20 20:16:00,713 - RAM - Used: 50.06GB/540.65GB (9.3%)
2025-06-20 20:17:58,297 - GPU Memory - Used: 18.27GB, Cached: 24.48GB, Max: 23.07GB
2025-06-20 20:17:58,298 - RAM - Used: 50.23GB/540.65GB (9.3%)
2025-06-20 20:19:53,864 - GPU Memory - Used: 18.27GB, Cached: 24.48GB, Max: 23.07GB
2025-06-20 20:19:53,865 - RAM - Used: 50.74GB/540.65GB (9.4%)
2025-06-20 20:21:54,178 - GPU Memory - Used: 18.27GB, Cached: 24.48GB, Max: 23.07GB
2025-06-20 20:21:54,181 - RAM - Used: 59.52GB/540.65GB (11.0%)
2025-06-20 20:23:50,289 - GPU Memory - Used: 18.27GB, Cached: 24.48GB, Max: 23.07GB
2025-06-20 20:23:50,290 - RAM - Used: 59.47GB/540.65GB (11.0%)
2025-06-20 20:25:44,535 - GPU Memory - Used: 18.27GB, Cached: 24.48GB, Max: 23.07GB
2025-06-20 20:25:44,537 - RAM - Used: 63.90GB/540.65GB (11.8%)
2025-06-20 20:27:38,734 - GPU Memory - Used: 18.27GB, Cached: 24.48GB, Max: 23.07GB
2025-06-20 20:27:38,735 - RAM - Used: 62.44GB/540.65GB (11.5%)
2025-06-20 20:30:04,478 - GPU Memory - Used: 18.27GB, Cached: 24.48GB, Max: 23.07GB
2025-06-20 20:30:04,479 - RAM - Used: 64.65GB/540.65GB (12.0%)
2025-06-20 20:32:46,117 - GPU Memory - Used: 18.27GB, Cached: 24.48GB, Max: 23.07GB
2025-06-20 20:32:46,119 - RAM - Used: 68.73GB/540.65GB (12.7%)
2025-06-20 20:34:39,241 - GPU Memory - Used: 18.27GB, Cached: 24.48GB, Max: 23.07GB
2025-06-20 20:34:39,242 - RAM - Used: 67.95GB/540.65GB (12.6%)
2025-06-20 20:36:33,485 - GPU Memory - Used: 18.27GB, Cached: 24.48GB, Max: 23.07GB
2025-06-20 20:36:33,487 - RAM - Used: 67.61GB/540.65GB (12.5%)
2025-06-20 20:38:27,884 - GPU Memory - Used: 18.27GB, Cached: 24.48GB, Max: 23.07GB
2025-06-20 20:38:27,885 - RAM - Used: 68.02GB/540.65GB (12.6%)
2025-06-20 20:40:21,280 - GPU Memory - Used: 18.27GB, Cached: 24.48GB, Max: 23.07GB
2025-06-20 20:40:21,281 - RAM - Used: 68.19GB/540.65GB (12.6%)
2025-06-20 20:42:17,543 - GPU Memory - Used: 18.27GB, Cached: 24.48GB, Max: 23.07GB
2025-06-20 20:42:17,544 - RAM - Used: 68.18GB/540.65GB (12.6%)
2025-06-20 20:44:13,901 - GPU Memory - Used: 18.27GB, Cached: 24.48GB, Max: 23.07GB
2025-06-20 20:44:13,914 - RAM - Used: 68.19GB/540.65GB (12.6%)
2025-06-20 20:46:14,882 - GPU Memory - Used: 18.27GB, Cached: 24.48GB, Max: 23.07GB
2025-06-20 20:46:14,884 - RAM - Used: 35.14GB/540.65GB (6.5%)
2025-06-20 20:48:08,927 - GPU Memory - Used: 18.27GB, Cached: 24.48GB, Max: 23.07GB
2025-06-20 20:48:08,928 - RAM - Used: 35.26GB/540.65GB (6.5%)
2025-06-20 20:50:03,051 - GPU Memory - Used: 18.27GB, Cached: 24.48GB, Max: 23.07GB
2025-06-20 20:50:03,052 - RAM - Used: 35.63GB/540.65GB (6.6%)
2025-06-20 20:52:27,037 - GPU Memory - Used: 18.27GB, Cached: 24.48GB, Max: 23.07GB
2025-06-20 20:52:27,039 - RAM - Used: 35.61GB/540.65GB (6.6%)
2025-06-20 20:55:08,043 - GPU Memory - Used: 18.27GB, Cached: 24.48GB, Max: 23.07GB
2025-06-20 20:55:08,045 - RAM - Used: 42.02GB/540.65GB (7.8%)
2025-06-20 20:57:08,948 - GPU Memory - Used: 18.27GB, Cached: 24.48GB, Max: 23.07GB
2025-06-20 20:57:08,949 - RAM - Used: 41.67GB/540.65GB (7.7%)
2025-06-20 20:59:08,459 - GPU Memory - Used: 18.27GB, Cached: 24.48GB, Max: 23.07GB
2025-06-20 20:59:08,460 - RAM - Used: 41.77GB/540.65GB (7.7%)
2025-06-20 21:01:03,990 - GPU Memory - Used: 18.27GB, Cached: 24.48GB, Max: 23.07GB
2025-06-20 21:01:03,991 - RAM - Used: 41.95GB/540.65GB (7.8%)
2025-06-20 21:02:56,397 - GPU Memory - Used: 18.27GB, Cached: 24.48GB, Max: 23.07GB
2025-06-20 21:02:56,400 - RAM - Used: 45.76GB/540.65GB (8.5%)
2025-06-20 21:04:51,311 - GPU Memory - Used: 18.27GB, Cached: 24.48GB, Max: 23.07GB
2025-06-20 21:04:51,312 - RAM - Used: 42.11GB/540.65GB (7.8%)
2025-06-20 21:06:49,028 - GPU Memory - Used: 18.27GB, Cached: 24.48GB, Max: 23.07GB
2025-06-20 21:06:49,030 - RAM - Used: 41.51GB/540.65GB (7.7%)
2025-06-20 21:08:42,712 - GPU Memory - Used: 18.27GB, Cached: 24.48GB, Max: 23.07GB
2025-06-20 21:08:42,714 - RAM - Used: 41.46GB/540.65GB (7.7%)
2025-06-20 21:10:40,596 - GPU Memory - Used: 18.27GB, Cached: 24.48GB, Max: 23.07GB
2025-06-20 21:10:40,598 - RAM - Used: 41.43GB/540.65GB (7.7%)
2025-06-20 21:12:38,230 - GPU Memory - Used: 18.27GB, Cached: 24.48GB, Max: 23.07GB
2025-06-20 21:12:38,233 - RAM - Used: 41.45GB/540.65GB (7.7%)
2025-06-20 21:15:03,625 - GPU Memory - Used: 18.27GB, Cached: 24.48GB, Max: 23.07GB
2025-06-20 21:15:03,626 - RAM - Used: 41.44GB/540.65GB (7.7%)
2025-06-20 21:17:41,632 - GPU Memory - Used: 18.27GB, Cached: 24.48GB, Max: 23.07GB
2025-06-20 21:17:41,634 - RAM - Used: 41.46GB/540.65GB (7.7%)
2025-06-20 21:19:36,174 - GPU Memory - Used: 18.27GB, Cached: 24.48GB, Max: 23.07GB
2025-06-20 21:19:36,176 - RAM - Used: 41.46GB/540.65GB (7.7%)
2025-06-20 21:21:32,175 - GPU Memory - Used: 18.27GB, Cached: 24.48GB, Max: 23.07GB
2025-06-20 21:21:32,176 - RAM - Used: 41.47GB/540.65GB (7.7%)
2025-06-20 21:23:25,872 - GPU Memory - Used: 18.27GB, Cached: 24.48GB, Max: 23.07GB
2025-06-20 21:23:25,873 - RAM - Used: 41.46GB/540.65GB (7.7%)
2025-06-20 21:25:16,531 - GPU Memory - Used: 18.27GB, Cached: 24.48GB, Max: 23.07GB
2025-06-20 21:25:16,532 - RAM - Used: 41.50GB/540.65GB (7.7%)
2025-06-20 21:27:18,556 - GPU Memory - Used: 18.27GB, Cached: 24.48GB, Max: 23.07GB
2025-06-20 21:27:18,556 - RAM - Used: 36.59GB/540.65GB (6.8%)
2025-06-20 21:29:14,823 - GPU Memory - Used: 18.27GB, Cached: 24.48GB, Max: 23.07GB
2025-06-20 21:29:14,824 - RAM - Used: 36.57GB/540.65GB (6.8%)
2025-06-20 21:31:05,824 - GPU Memory - Used: 18.27GB, Cached: 24.48GB, Max: 23.07GB
2025-06-20 21:31:05,825 - RAM - Used: 38.22GB/540.65GB (7.1%)
2025-06-20 21:33:02,960 - GPU Memory - Used: 18.27GB, Cached: 24.48GB, Max: 23.07GB
2025-06-20 21:33:02,961 - RAM - Used: 37.17GB/540.65GB (6.9%)
2025-06-20 21:34:54,449 - GPU Memory - Used: 18.27GB, Cached: 24.48GB, Max: 23.07GB
2025-06-20 21:34:54,451 - RAM - Used: 37.54GB/540.65GB (6.9%)
2025-06-20 21:37:18,427 - GPU Memory - Used: 18.27GB, Cached: 24.48GB, Max: 23.07GB
2025-06-20 21:37:18,428 - RAM - Used: 37.16GB/540.65GB (6.9%)
2025-06-20 21:39:59,238 - GPU Memory - Used: 18.27GB, Cached: 24.48GB, Max: 23.07GB
2025-06-20 21:39:59,239 - RAM - Used: 37.70GB/540.65GB (7.0%)
2025-06-20 21:41:54,766 - GPU Memory - Used: 18.27GB, Cached: 24.48GB, Max: 23.07GB
2025-06-20 21:41:54,768 - RAM - Used: 37.13GB/540.65GB (6.9%)
2025-06-20 21:43:51,964 - GPU Memory - Used: 18.27GB, Cached: 24.48GB, Max: 23.08GB
2025-06-20 21:43:51,965 - RAM - Used: 37.10GB/540.65GB (6.9%)
2025-06-20 21:45:46,942 - GPU Memory - Used: 18.27GB, Cached: 24.48GB, Max: 23.08GB
2025-06-20 21:45:46,943 - RAM - Used: 59.38GB/540.65GB (11.0%)
2025-06-20 21:47:44,796 - GPU Memory - Used: 18.27GB, Cached: 24.48GB, Max: 23.08GB
2025-06-20 21:47:44,799 - RAM - Used: 57.49GB/540.65GB (10.6%)
2025-06-20 21:49:41,272 - GPU Memory - Used: 18.27GB, Cached: 24.48GB, Max: 23.08GB
2025-06-20 21:49:41,275 - RAM - Used: 52.38GB/540.65GB (9.7%)
2025-06-20 21:51:43,868 - GPU Memory - Used: 18.27GB, Cached: 24.48GB, Max: 23.08GB
2025-06-20 21:51:43,869 - RAM - Used: 60.27GB/540.65GB (11.1%)
2025-06-20 21:53:39,722 - GPU Memory - Used: 18.27GB, Cached: 24.48GB, Max: 23.08GB
2025-06-20 21:53:39,723 - RAM - Used: 62.17GB/540.65GB (11.5%)
2025-06-20 21:55:36,000 - GPU Memory - Used: 18.27GB, Cached: 24.48GB, Max: 23.08GB
2025-06-20 21:55:36,014 - RAM - Used: 63.54GB/540.65GB (11.8%)
2025-06-20 21:57:34,349 - GPU Memory - Used: 18.27GB, Cached: 24.48GB, Max: 23.08GB
2025-06-20 21:57:34,350 - RAM - Used: 56.64GB/540.65GB (10.5%)
2025-06-20 21:59:59,828 - GPU Memory - Used: 18.27GB, Cached: 24.48GB, Max: 23.08GB
2025-06-20 21:59:59,830 - RAM - Used: 59.53GB/540.65GB (11.0%)
2025-06-20 22:02:40,677 - GPU Memory - Used: 18.27GB, Cached: 24.48GB, Max: 23.08GB
2025-06-20 22:02:40,678 - RAM - Used: 59.76GB/540.65GB (11.1%)
2025-06-20 22:04:40,673 - GPU Memory - Used: 18.27GB, Cached: 24.48GB, Max: 23.08GB
2025-06-20 22:04:40,675 - RAM - Used: 62.83GB/540.65GB (11.6%)
2025-06-20 22:06:34,629 - GPU Memory - Used: 18.27GB, Cached: 24.48GB, Max: 23.08GB
2025-06-20 22:06:34,630 - RAM - Used: 61.91GB/540.65GB (11.5%)
2025-06-20 22:08:28,163 - GPU Memory - Used: 18.27GB, Cached: 24.48GB, Max: 23.08GB
2025-06-20 22:08:28,164 - RAM - Used: 61.98GB/540.65GB (11.5%)
2025-06-20 22:10:30,621 - GPU Memory - Used: 18.27GB, Cached: 24.48GB, Max: 23.08GB
2025-06-20 22:10:30,622 - RAM - Used: 60.30GB/540.65GB (11.2%)
2025-06-20 22:12:34,536 - GPU Memory - Used: 18.27GB, Cached: 24.48GB, Max: 23.08GB
2025-06-20 22:12:34,537 - RAM - Used: 65.28GB/540.65GB (12.1%)
2025-06-20 22:14:29,634 - GPU Memory - Used: 18.27GB, Cached: 24.48GB, Max: 23.08GB
2025-06-20 22:14:29,635 - RAM - Used: 65.19GB/540.65GB (12.1%)
2025-06-20 22:16:29,466 - GPU Memory - Used: 18.27GB, Cached: 24.48GB, Max: 23.08GB
2025-06-20 22:16:29,467 - RAM - Used: 64.26GB/540.65GB (11.9%)
2025-06-20 22:18:30,138 - GPU Memory - Used: 18.27GB, Cached: 24.48GB, Max: 23.08GB
2025-06-20 22:18:30,139 - RAM - Used: 66.80GB/540.65GB (12.4%)
2025-06-20 22:20:27,416 - GPU Memory - Used: 18.27GB, Cached: 24.48GB, Max: 23.08GB
2025-06-20 22:20:27,417 - RAM - Used: 68.07GB/540.65GB (12.6%)
2025-06-20 22:22:54,576 - GPU Memory - Used: 18.27GB, Cached: 24.48GB, Max: 23.08GB
2025-06-20 22:22:54,577 - RAM - Used: 68.06GB/540.65GB (12.6%)
2025-06-20 22:25:35,318 - GPU Memory - Used: 18.27GB, Cached: 24.48GB, Max: 23.08GB
2025-06-20 22:25:35,319 - RAM - Used: 69.00GB/540.65GB (12.8%)
2025-06-20 22:27:27,830 - GPU Memory - Used: 18.27GB, Cached: 24.48GB, Max: 23.08GB
2025-06-20 22:27:27,831 - RAM - Used: 67.52GB/540.65GB (12.5%)
2025-06-20 22:29:22,946 - GPU Memory - Used: 18.27GB, Cached: 24.48GB, Max: 23.08GB
2025-06-20 22:29:22,947 - RAM - Used: 69.82GB/540.65GB (12.9%)
2025-06-20 22:31:18,798 - GPU Memory - Used: 18.27GB, Cached: 24.48GB, Max: 23.08GB
2025-06-20 22:31:18,798 - RAM - Used: 68.63GB/540.65GB (12.7%)
2025-06-20 22:33:12,526 - GPU Memory - Used: 18.27GB, Cached: 24.48GB, Max: 23.08GB
2025-06-20 22:33:12,527 - RAM - Used: 68.64GB/540.65GB (12.7%)
2025-06-20 22:35:09,707 - GPU Memory - Used: 18.27GB, Cached: 24.48GB, Max: 23.08GB
2025-06-20 22:35:09,757 - RAM - Used: 68.89GB/540.65GB (12.7%)
2025-06-20 22:37:11,952 - GPU Memory - Used: 18.27GB, Cached: 24.48GB, Max: 23.08GB
2025-06-20 22:37:11,953 - RAM - Used: 67.88GB/540.65GB (12.6%)
2025-06-20 22:39:07,093 - GPU Memory - Used: 18.27GB, Cached: 24.48GB, Max: 23.08GB
2025-06-20 22:39:07,094 - RAM - Used: 68.21GB/540.65GB (12.6%)
2025-06-20 22:41:05,949 - GPU Memory - Used: 18.27GB, Cached: 24.48GB, Max: 23.08GB
2025-06-20 22:41:05,950 - RAM - Used: 69.86GB/540.65GB (12.9%)
2025-06-20 22:42:59,393 - GPU Memory - Used: 18.27GB, Cached: 24.48GB, Max: 23.08GB
2025-06-20 22:42:59,394 - RAM - Used: 70.57GB/540.65GB (13.1%)
2025-06-20 22:45:28,054 - GPU Memory - Used: 18.27GB, Cached: 24.48GB, Max: 23.08GB
2025-06-20 22:45:28,056 - RAM - Used: 68.38GB/540.65GB (12.6%)
2025-06-20 22:48:11,664 - GPU Memory - Used: 18.27GB, Cached: 24.48GB, Max: 23.08GB
2025-06-20 22:48:11,665 - RAM - Used: 71.26GB/540.65GB (13.2%)
2025-06-20 22:50:06,656 - GPU Memory - Used: 18.27GB, Cached: 24.48GB, Max: 23.08GB
2025-06-20 22:50:06,656 - RAM - Used: 70.85GB/540.65GB (13.1%)
2025-06-20 22:51:57,921 - GPU Memory - Used: 18.27GB, Cached: 24.48GB, Max: 23.08GB
2025-06-20 22:51:57,922 - RAM - Used: 71.32GB/540.65GB (13.2%)
2025-06-20 22:53:54,525 - GPU Memory - Used: 18.27GB, Cached: 24.48GB, Max: 23.08GB
2025-06-20 22:53:54,526 - RAM - Used: 76.52GB/540.65GB (14.2%)
2025-06-20 22:55:54,861 - GPU Memory - Used: 18.27GB, Cached: 24.48GB, Max: 23.08GB
2025-06-20 22:55:54,861 - RAM - Used: 75.08GB/540.65GB (13.9%)
2025-06-20 22:57:49,078 - GPU Memory - Used: 18.27GB, Cached: 24.48GB, Max: 23.08GB
2025-06-20 22:57:49,079 - RAM - Used: 75.43GB/540.65GB (14.0%)
2025-06-20 22:59:47,213 - GPU Memory - Used: 18.27GB, Cached: 24.48GB, Max: 23.08GB
2025-06-20 22:59:47,214 - RAM - Used: 75.09GB/540.65GB (13.9%)
2025-06-20 23:01:43,196 - GPU Memory - Used: 18.27GB, Cached: 24.48GB, Max: 23.08GB
2025-06-20 23:01:43,197 - RAM - Used: 75.16GB/540.65GB (13.9%)
2025-06-20 23:03:38,953 - GPU Memory - Used: 18.27GB, Cached: 24.48GB, Max: 23.08GB
2025-06-20 23:03:38,954 - RAM - Used: 75.40GB/540.65GB (13.9%)
2025-06-20 23:05:38,922 - GPU Memory - Used: 18.27GB, Cached: 24.48GB, Max: 23.08GB
2025-06-20 23:05:38,923 - RAM - Used: 74.54GB/540.65GB (13.8%)
2025-06-20 23:08:05,228 - GPU Memory - Used: 18.27GB, Cached: 24.48GB, Max: 23.08GB
2025-06-20 23:08:05,229 - RAM - Used: 74.38GB/540.65GB (13.8%)
2025-06-20 23:10:44,870 - GPU Memory - Used: 18.27GB, Cached: 24.48GB, Max: 23.08GB
2025-06-20 23:10:44,871 - RAM - Used: 74.46GB/540.65GB (13.8%)
2025-06-20 23:12:37,551 - GPU Memory - Used: 18.27GB, Cached: 24.48GB, Max: 23.08GB
2025-06-20 23:12:37,552 - RAM - Used: 74.50GB/540.65GB (13.8%)
2025-06-20 23:14:32,342 - GPU Memory - Used: 18.27GB, Cached: 24.48GB, Max: 23.08GB
2025-06-20 23:14:32,343 - RAM - Used: 74.52GB/540.65GB (13.8%)
2025-06-20 23:16:29,519 - GPU Memory - Used: 18.27GB, Cached: 24.48GB, Max: 23.08GB
2025-06-20 23:16:29,521 - RAM - Used: 76.10GB/540.65GB (14.1%)
2025-06-20 23:18:27,451 - GPU Memory - Used: 18.27GB, Cached: 24.48GB, Max: 23.08GB
2025-06-20 23:18:27,451 - RAM - Used: 77.25GB/540.65GB (14.3%)
2025-06-20 23:20:21,286 - GPU Memory - Used: 18.27GB, Cached: 24.48GB, Max: 23.08GB
2025-06-20 23:20:21,286 - RAM - Used: 76.19GB/540.65GB (14.1%)
2025-06-20 23:22:17,258 - GPU Memory - Used: 18.27GB, Cached: 24.48GB, Max: 23.08GB
2025-06-20 23:22:17,259 - RAM - Used: 75.97GB/540.65GB (14.1%)
2025-06-20 23:24:10,956 - GPU Memory - Used: 18.27GB, Cached: 24.48GB, Max: 23.08GB
2025-06-20 23:24:10,957 - RAM - Used: 100.97GB/540.65GB (18.7%)
2025-06-20 23:26:12,237 - GPU Memory - Used: 18.27GB, Cached: 24.48GB, Max: 23.08GB
2025-06-20 23:26:12,238 - RAM - Used: 76.34GB/540.65GB (14.1%)
2025-06-20 23:28:08,899 - GPU Memory - Used: 18.27GB, Cached: 24.48GB, Max: 23.08GB
2025-06-20 23:28:08,914 - RAM - Used: 76.91GB/540.65GB (14.2%)
2025-06-20 23:30:36,764 - GPU Memory - Used: 18.27GB, Cached: 24.48GB, Max: 23.08GB
2025-06-20 23:30:36,766 - RAM - Used: 77.74GB/540.65GB (14.4%)
2025-06-20 23:33:15,346 - GPU Memory - Used: 18.27GB, Cached: 24.48GB, Max: 23.08GB
2025-06-20 23:33:15,347 - RAM - Used: 75.66GB/540.65GB (14.0%)
2025-06-20 23:35:08,023 - GPU Memory - Used: 18.27GB, Cached: 24.48GB, Max: 23.08GB
2025-06-20 23:35:08,024 - RAM - Used: 75.66GB/540.65GB (14.0%)
2025-06-20 23:37:04,788 - GPU Memory - Used: 18.27GB, Cached: 24.48GB, Max: 23.08GB
2025-06-20 23:37:04,789 - RAM - Used: 77.46GB/540.65GB (14.3%)
2025-06-20 23:38:57,784 - GPU Memory - Used: 18.27GB, Cached: 24.48GB, Max: 23.08GB
2025-06-20 23:38:57,785 - RAM - Used: 76.87GB/540.65GB (14.2%)
2025-06-20 23:40:59,057 - GPU Memory - Used: 18.27GB, Cached: 24.48GB, Max: 23.08GB
2025-06-20 23:40:59,057 - RAM - Used: 76.81GB/540.65GB (14.2%)
2025-06-20 23:42:56,494 - GPU Memory - Used: 18.27GB, Cached: 24.48GB, Max: 23.08GB
2025-06-20 23:42:56,494 - RAM - Used: 78.84GB/540.65GB (14.6%)
2025-06-20 23:44:45,824 - GPU Memory - Used: 18.27GB, Cached: 24.48GB, Max: 23.08GB
2025-06-20 23:44:45,826 - RAM - Used: 77.10GB/540.65GB (14.3%)
2025-06-20 23:46:43,196 - GPU Memory - Used: 18.27GB, Cached: 24.48GB, Max: 23.08GB
2025-06-20 23:46:43,197 - RAM - Used: 77.10GB/540.65GB (14.3%)
2025-06-20 23:48:42,471 - GPU Memory - Used: 18.27GB, Cached: 24.48GB, Max: 23.08GB
2025-06-20 23:48:42,472 - RAM - Used: 77.24GB/540.65GB (14.3%)
2025-06-20 23:50:34,454 - GPU Memory - Used: 18.27GB, Cached: 24.48GB, Max: 23.08GB
2025-06-20 23:50:34,454 - RAM - Used: 77.32GB/540.65GB (14.3%)
2025-06-20 23:53:00,732 - GPU Memory - Used: 18.27GB, Cached: 24.48GB, Max: 23.08GB
2025-06-20 23:53:00,733 - RAM - Used: 77.33GB/540.65GB (14.3%)
2025-06-20 23:55:40,551 - GPU Memory - Used: 18.27GB, Cached: 24.48GB, Max: 23.08GB
2025-06-20 23:55:40,551 - RAM - Used: 77.42GB/540.65GB (14.3%)
2025-06-20 23:57:40,736 - GPU Memory - Used: 18.27GB, Cached: 24.48GB, Max: 23.08GB
2025-06-20 23:57:40,737 - RAM - Used: 83.31GB/540.65GB (15.4%)
2025-06-20 23:59:40,869 - GPU Memory - Used: 18.27GB, Cached: 24.48GB, Max: 23.08GB
2025-06-20 23:59:40,870 - RAM - Used: 79.82GB/540.65GB (14.8%)
2025-06-21 00:01:35,724 - GPU Memory - Used: 18.27GB, Cached: 24.48GB, Max: 23.08GB
2025-06-21 00:01:35,726 - RAM - Used: 78.56GB/540.65GB (14.5%)
2025-06-21 00:03:37,720 - GPU Memory - Used: 18.27GB, Cached: 24.48GB, Max: 23.08GB
2025-06-21 00:03:37,721 - RAM - Used: 78.22GB/540.65GB (14.5%)
2025-06-21 00:05:27,586 - GPU Memory - Used: 18.27GB, Cached: 24.48GB, Max: 23.08GB
2025-06-21 00:05:27,588 - RAM - Used: 78.21GB/540.65GB (14.5%)
2025-06-21 00:07:23,529 - GPU Memory - Used: 18.27GB, Cached: 24.48GB, Max: 23.08GB
2025-06-21 00:07:23,532 - RAM - Used: 79.41GB/540.65GB (14.7%)
2025-06-21 00:09:17,181 - GPU Memory - Used: 18.27GB, Cached: 24.48GB, Max: 23.08GB
2025-06-21 00:09:17,182 - RAM - Used: 79.35GB/540.65GB (14.7%)
2025-06-21 00:11:13,948 - GPU Memory - Used: 18.27GB, Cached: 24.48GB, Max: 23.08GB
2025-06-21 00:11:13,949 - RAM - Used: 83.68GB/540.65GB (15.5%)
2025-06-21 00:13:10,066 - GPU Memory - Used: 18.27GB, Cached: 24.48GB, Max: 23.08GB
2025-06-21 00:13:10,066 - RAM - Used: 33.73GB/540.65GB (6.2%)
2025-06-21 00:15:37,927 - GPU Memory - Used: 18.27GB, Cached: 24.48GB, Max: 23.08GB
2025-06-21 00:15:37,929 - RAM - Used: 33.82GB/540.65GB (6.3%)
2025-06-21 00:18:19,631 - GPU Memory - Used: 18.27GB, Cached: 24.48GB, Max: 23.08GB
2025-06-21 00:18:19,633 - RAM - Used: 33.73GB/540.65GB (6.2%)
2025-06-21 00:20:18,528 - GPU Memory - Used: 18.27GB, Cached: 24.48GB, Max: 23.08GB
2025-06-21 00:20:18,530 - RAM - Used: 33.91GB/540.65GB (6.3%)
2025-06-21 00:22:17,174 - GPU Memory - Used: 18.27GB, Cached: 24.48GB, Max: 23.08GB
2025-06-21 00:22:17,176 - RAM - Used: 33.84GB/540.65GB (6.3%)
2025-06-21 00:24:09,822 - GPU Memory - Used: 18.27GB, Cached: 24.48GB, Max: 23.08GB
2025-06-21 00:24:09,823 - RAM - Used: 33.78GB/540.65GB (6.2%)
2025-06-21 00:26:07,357 - GPU Memory - Used: 18.27GB, Cached: 24.48GB, Max: 23.08GB
2025-06-21 00:26:07,358 - RAM - Used: 32.46GB/540.65GB (6.0%)
2025-06-21 00:28:06,228 - GPU Memory - Used: 18.27GB, Cached: 24.48GB, Max: 23.08GB
2025-06-21 00:28:06,229 - RAM - Used: 34.86GB/540.65GB (6.4%)
2025-06-21 00:29:58,282 - GPU Memory - Used: 18.27GB, Cached: 24.48GB, Max: 23.08GB
2025-06-21 00:29:58,284 - RAM - Used: 32.53GB/540.65GB (6.0%)
2025-06-21 00:31:54,731 - GPU Memory - Used: 18.27GB, Cached: 24.48GB, Max: 23.08GB
2025-06-21 00:31:54,731 - RAM - Used: 45.25GB/540.65GB (8.4%)
2025-06-21 00:33:53,119 - GPU Memory - Used: 18.27GB, Cached: 24.48GB, Max: 23.08GB
2025-06-21 00:33:53,120 - RAM - Used: 45.62GB/540.65GB (8.4%)
2025-06-21 00:35:52,660 - GPU Memory - Used: 18.27GB, Cached: 24.48GB, Max: 23.08GB
2025-06-21 00:35:52,662 - RAM - Used: 46.41GB/540.65GB (8.6%)
2025-06-21 00:38:18,796 - GPU Memory - Used: 18.27GB, Cached: 24.48GB, Max: 23.08GB
2025-06-21 00:38:18,811 - RAM - Used: 46.74GB/540.65GB (8.6%)
2025-06-21 00:40:58,033 - GPU Memory - Used: 18.27GB, Cached: 24.48GB, Max: 23.08GB
2025-06-21 00:40:58,035 - RAM - Used: 47.35GB/540.65GB (8.8%)
2025-06-21 00:42:55,145 - GPU Memory - Used: 18.27GB, Cached: 24.48GB, Max: 23.08GB
2025-06-21 00:42:55,147 - RAM - Used: 52.12GB/540.65GB (9.6%)
2025-06-21 00:44:51,097 - GPU Memory - Used: 18.27GB, Cached: 24.48GB, Max: 23.08GB
2025-06-21 00:44:51,099 - RAM - Used: 52.30GB/540.65GB (9.7%)
2025-06-21 00:46:49,660 - GPU Memory - Used: 18.27GB, Cached: 24.48GB, Max: 23.08GB
2025-06-21 00:46:49,662 - RAM - Used: 54.02GB/540.65GB (10.0%)
2025-06-21 00:48:41,411 - GPU Memory - Used: 18.27GB, Cached: 24.48GB, Max: 23.08GB
2025-06-21 00:48:41,413 - RAM - Used: 53.44GB/540.65GB (9.9%)
2025-06-21 00:50:37,438 - GPU Memory - Used: 18.27GB, Cached: 24.48GB, Max: 23.08GB
2025-06-21 00:50:37,440 - RAM - Used: 53.20GB/540.65GB (9.8%)
2025-06-21 00:52:32,621 - GPU Memory - Used: 18.27GB, Cached: 24.48GB, Max: 23.08GB
2025-06-21 00:52:32,622 - RAM - Used: 58.19GB/540.65GB (10.8%)
2025-06-21 00:54:30,648 - GPU Memory - Used: 18.27GB, Cached: 24.48GB, Max: 23.08GB
2025-06-21 00:54:30,649 - RAM - Used: 57.02GB/540.65GB (10.5%)
2025-06-21 00:56:24,825 - GPU Memory - Used: 18.27GB, Cached: 24.48GB, Max: 23.08GB
2025-06-21 00:56:24,828 - RAM - Used: 56.12GB/540.65GB (10.4%)
2025-06-21 00:58:25,743 - GPU Memory - Used: 18.27GB, Cached: 24.48GB, Max: 23.08GB
2025-06-21 00:58:25,745 - RAM - Used: 56.31GB/540.65GB (10.4%)
2025-06-21 01:00:54,243 - GPU Memory - Used: 18.27GB, Cached: 24.48GB, Max: 23.08GB
2025-06-21 01:00:54,245 - RAM - Used: 57.27GB/540.65GB (10.6%)
2025-06-21 01:03:33,619 - GPU Memory - Used: 18.27GB, Cached: 24.48GB, Max: 23.08GB
2025-06-21 01:03:33,621 - RAM - Used: 57.77GB/540.65GB (10.7%)
2025-06-21 01:05:29,725 - GPU Memory - Used: 18.27GB, Cached: 24.48GB, Max: 23.08GB
2025-06-21 01:05:29,727 - RAM - Used: 59.29GB/540.65GB (11.0%)
2025-06-21 01:07:28,627 - GPU Memory - Used: 18.27GB, Cached: 24.48GB, Max: 23.08GB
2025-06-21 01:07:28,629 - RAM - Used: 58.68GB/540.65GB (10.9%)
2025-06-21 01:09:27,836 - GPU Memory - Used: 18.27GB, Cached: 24.48GB, Max: 23.08GB
2025-06-21 01:09:27,845 - RAM - Used: 58.70GB/540.65GB (10.9%)
2025-06-21 01:11:26,931 - GPU Memory - Used: 18.27GB, Cached: 24.48GB, Max: 23.08GB
2025-06-21 01:11:26,932 - RAM - Used: 58.80GB/540.65GB (10.9%)
2025-06-21 01:11:52,242 - GPU Memory - Used: 18.27GB, Cached: 24.48GB, Max: 23.08GB
2025-06-21 01:11:52,243 - RAM - Used: 58.80GB/540.65GB (10.9%)
2025-06-21 01:13:07,433 - === TRAINING COMPLETED ===
2025-06-21 01:13:07,435 - Total Training Time: 416.4 minutes
2025-06-21 01:13:07,437 - Final GPU Memory: 23.08GB
2025-06-21 01:13:07,439 - Final System Memory: 10.9% used
